Arguments: 
  /usr/local/bin/node /usr/local/Cellar/yarn/1.22.4/libexec/bin/yarn.js init

PATH: 
  /usr/local/git/bin:/usr/local/bin:/usr/local/opt/node@12/bin:/Users/Elmo/.npm-global/bin:/anaconda2/bin:/Library/Frameworks/Python.framework/Versions/2.7/bin:/Users/Elmo/.rvm/gems/ruby-2.2.0/bin:/Users/Elmo/.rvm/gems/ruby-2.2.0@global/bin:/Users/Elmo/.rvm/rubies/ruby-2.2.0/bin:/usr/local/bin:/Library/Frameworks/Python.framework/Versions/3.4/bin:/Users/Elmo/npm-global/bin:/usr/bin:/bin:/usr/sbin:/sbin:/usr/local/bin:~/.npm-global/bin:/usr/local/git/bin:/usr/local/opt/node@12/bin:/Users/Elmo/.npm-global/bin:/anaconda2/bin:/Library/Frameworks/Python.framework/Versions/2.7/bin:/Users/Elmo/.rvm/gems/ruby-2.2.0/bin:/Users/Elmo/.rvm/gems/ruby-2.2.0@global/bin:/Users/Elmo/.rvm/rubies/ruby-2.2.0/bin:/Library/Frameworks/Python.framework/Versions/3.4/bin:/Users/Elmo/npm-global/bin:/Users/Elmo/.rvm/bin

Yarn version: 
  1.22.4

Node version: 
  12.16.1

Platform: 
  darwin x64

Trace: 
  Error: canceled
      at Interface.<anonymous> (/usr/local/Cellar/yarn/1.22.4/libexec/lib/cli.js:137008:13)
      at Interface.emit (events.js:311:20)
      at Interface._ttyWrite (readline.js:893:16)
      at ReadStream.onkeypress (readline.js:198:10)
      at ReadStream.emit (events.js:311:20)
      at emitKeys (internal/readline/utils.js:438:14)
      at emitKeys.next (<anonymous>)
      at ReadStream.onData (readline.js:1160:36)
      at ReadStream.emit (events.js:311:20)
      at addChunk (_stream_readable.js:294:12)

npm manifest: 
  No manifest

yarn manifest: 
  No manifest

Lockfile: 
  No lockfile
